# JRE version: OpenJDK Runtime Environment Zulu21.32+17-CA (21.0.2+13) (build 21.0.2+13-LTS)
# Java VM: OpenJDK 64-Bit Server VM Zulu21.32+17-CA (21.0.2+13-LTS, mixed mode, sharing, tiered, compressed oops, compressed class ptrs, g1 gc, windows-amd64)
GC Precious Log:
 CardTable entry size: 512
 Card Set container configuration: InlinePtr #cards 4 size 8 Array Of Cards #cards 16 size 48 Howl #buckets 8 coarsen threshold 3686 Howl Bitmap #cards 512 size 80 coarsen threshold 460 Card regions per heap region 1 cards per card region 4096
 CPUs: 12 total, 12 available
 Memory: 15724M
 Large Page Support: Disabled
 NUMA Support: Disabled
 Compressed Oops: Enabled (Zero based)
 Heap Region Size: 2M
 Heap Min Capacity: 8M
 Heap Initial Capacity: 8M
 Heap Max Capacity: 3932M
 Pre-touch: Disabled
 Parallel Workers: 10
 Concurrent Workers: 3
 Concurrent Refinement Workers: 10
 Periodic GC: Disabled
Heap:
 garbage-first heap   total 14336K, used 7297K [0x000000070a400000, 0x0000000800000000)
  region size 2048K, 3 young (6144K), 1 survivors (2048K)
 Metaspace       used 8913K, committed 9088K, reserved 1114112K
  class space    used 987K, committed 1088K, reserved 1048576K
GC Heap History (16 events):
Event: 0.236 GC heap before
{Heap before GC invocations=0 (full 0):
 garbage-first heap   total 8192K, used 2048K [0x000000070a400000, 0x0000000800000000)
  region size 2048K, 1 young (2048K), 0 survivors (0K)
 Metaspace       used 1112K, committed 1216K, reserved 1114112K
  class space    used 118K, committed 192K, reserved 1048576K
}
Event: 0.243 GC heap after
{Heap after GC invocations=1 (full 0):
 garbage-first heap   total 8192K, used 1120K [0x000000070a400000, 0x0000000800000000)
  region size 2048K, 1 young (2048K), 1 survivors (2048K)
 Metaspace       used 1112K, committed 1216K, reserved 1114112K
  class space    used 118K, committed 192K, reserved 1048576K
}
Event: 0.460 GC heap before
{Heap before GC invocations=1 (full 0):
 garbage-first heap   total 8192K, used 3168K [0x000000070a400000, 0x0000000800000000)
  region size 2048K, 2 young (4096K), 1 survivors (2048K)
 Metaspace       used 4330K, committed 4480K, reserved 1114112K
  class space    used 532K, committed 576K, reserved 1048576K
}
Event: 0.468 GC heap after
{Heap after GC invocations=2 (full 0):
 garbage-first heap   total 8192K, used 1722K [0x000000070a400000, 0x0000000800000000)
  region size 2048K, 1 young (2048K), 1 survivors (2048K)
 Metaspace       used 4330K, committed 4480K, reserved 1114112K
  class space    used 532K, committed 576K, reserved 1048576K
}
Event: 0.724 GC heap before
{Heap before GC invocations=2 (full 0):
 garbage-first heap   total 8192K, used 3770K [0x000000070a400000, 0x0000000800000000)
  region size 2048K, 2 young (4096K), 1 survivors (2048K)
 Metaspace       used 8050K, committed 8192K, reserved 1114112K
  class space    used 895K, committed 960K, reserved 1048576K
}
Event: 0.733 GC heap after
{Heap after GC invocations=3 (full 0):
 garbage-first heap   total 8192K, used 2465K [0x000000070a400000, 0x0000000800000000)
  region size 2048K, 1 young (2048K), 1 survivors (2048K)
 Metaspace       used 8050K, committed 8192K, reserved 1114112K
  class space    used 895K, committed 960K, reserved 1048576K
}
Event: 0.808 GC heap before
{Heap before GC invocations=3 (full 0):
 garbage-first heap   total 8192K, used 4513K [0x000000070a400000, 0x0000000800000000)
  region size 2048K, 2 young (4096K), 1 survivors (2048K)
 Metaspace       used 8366K, committed 8576K, reserved 1114112K
  class space    used 926K, committed 1024K, reserved 1048576K
}
Event: 0.813 GC heap after
{Heap after GC invocations=4 (full 0):
 garbage-first heap   total 8192K, used 3197K [0x000000070a400000, 0x0000000800000000)
  region size 2048K, 1 young (2048K), 1 survivors (2048K)
 Metaspace       used 8366K, committed 8576K, reserved 1114112K
  class space    used 926K, committed 1024K, reserved 1048576K
}
Event: 0.849 GC heap before
{Heap before GC invocations=4 (full 0):
 garbage-first heap   total 8192K, used 5245K [0x000000070a400000, 0x0000000800000000)
  region size 2048K, 2 young (4096K), 1 survivors (2048K)
 Metaspace       used 8530K, committed 8704K, reserved 1114112K
  class space    used 948K, committed 1024K, reserved 1048576K
}
Event: 0.856 GC heap after
{Heap after GC invocations=5 (full 0):
 garbage-first heap   total 14336K, used 3701K [0x000000070a400000, 0x0000000800000000)
  region size 2048K, 1 young (2048K), 1 survivors (2048K)
 Metaspace       used 8530K, committed 8704K, reserved 1114112K
  class space    used 948K, committed 1024K, reserved 1048576K
}
Event: 0.904 GC heap before
{Heap before GC invocations=5 (full 0):
 garbage-first heap   total 14336K, used 5749K [0x000000070a400000, 0x0000000800000000)
  region size 2048K, 2 young (4096K), 1 survivors (2048K)
 Metaspace       used 8627K, committed 8832K, reserved 1114112K
  class space    used 956K, committed 1088K, reserved 1048576K
}
Event: 0.911 GC heap after
{Heap after GC invocations=6 (full 0):
 garbage-first heap   total 14336K, used 4091K [0x000000070a400000, 0x0000000800000000)
  region size 2048K, 1 young (2048K), 1 survivors (2048K)
 Metaspace       used 8627K, committed 8832K, reserved 1114112K
  class space    used 956K, committed 1088K, reserved 1048576K
}
Event: 0.937 GC heap before
{Heap before GC invocations=6 (full 0):
 garbage-first heap   total 14336K, used 6139K [0x000000070a400000, 0x0000000800000000)
  region size 2048K, 2 young (4096K), 1 survivors (2048K)
 Metaspace       used 8733K, committed 8896K, reserved 1114112K
  class space    used 968K, committed 1088K, reserved 1048576K
}
Event: 0.939 GC heap after
{Heap after GC invocations=7 (full 0):
 garbage-first heap   total 14336K, used 4294K [0x000000070a400000, 0x0000000800000000)
  region size 2048K, 1 young (2048K), 1 survivors (2048K)
 Metaspace       used 8733K, committed 8896K, reserved 1114112K
  class space    used 968K, committed 1088K, reserved 1048576K
}
Event: 1.005 GC heap before
{Heap before GC invocations=7 (full 0):
 garbage-first heap   total 14336K, used 8390K [0x000000070a400000, 0x0000000800000000)
  region size 2048K, 3 young (6144K), 1 survivors (2048K)
 Metaspace       used 8876K, committed 9088K, reserved 1114112K
  class space    used 984K, committed 1088K, reserved 1048576K
}
Event: 1.011 GC heap after
{Heap after GC invocations=8 (full 0):
 garbage-first heap   total 14336K, used 5249K [0x000000070a400000, 0x0000000800000000)
  region size 2048K, 1 young (2048K), 1 survivors (2048K)
 Metaspace       used 8876K, committed 9088K, reserved 1114112K
  class space    used 984K, committed 1088K, reserved 1048576K
}

